<?xml version="1.0" encoding="UTF-8"?>
<!-- Generated by org.testng.reporters.JUnitXMLReporter -->
<testsuite hostname="DESKTOP-UM554UI" ignored="0" name="Test" tests="4" failures="1" timestamp="22 Jan 2019 06:01:02 GMT" time="100.063" errors="0">
  <testcase name="login" time="11.266" classname="com.qa.Tests.LoginTests"/>
  <testcase name="verifyLoginPageTitile" time="0.025" classname="com.qa.Tests.LoginTests"/>
  <testcase name="verifyHomePageTitle" time="0.134" classname="com.qa.Tests.HomeTests"/>
  <testcase name="verifyUsernameAfterLogin" time="0.245" classname="com.qa.Tests.HomeTests">
    <failure type="java.lang.AssertionError" message="AssertFailed because username after login does not match. expected [  User:Test QA] but found [  User: Test QA]">
      <![CDATA[java.lang.AssertionError: AssertFailed because username after login does not match. expected [  User:Test QA] but found [  User: Test QA]
at com.qa.Tests.HomeTests.verifyUsernameAfterLogin(HomeTests.java:46)
... Removed 30 stack frames]]>
    </failure>
  </testcase> <!-- verifyUsernameAfterLogin -->
</testsuite> <!-- Test -->
