<?xml version="1.0" encoding="UTF-8"?>
<testng-results skipped="0" failed="1" ignored="0" total="4" passed="3">
  <reporter-output>
  </reporter-output>
  <suite name="Suite" duration-ms="100063" started-at="2019-01-22T05:59:22Z" finished-at="2019-01-22T06:01:02Z">
    <groups>
    </groups>
    <test name="Test" duration-ms="100063" started-at="2019-01-22T05:59:22Z" finished-at="2019-01-22T06:01:02Z">
      <class name="com.qa.Tests.HomeTests">
        <test-method status="PASS" signature="initReports()[pri:0, instance:com.qa.Tests.HomeTests@53b32d7]" name="initReports" is-config="true" duration-ms="288" started-at="2019-01-22T05:59:22Z" finished-at="2019-01-22T05:59:22Z">
          <reporter-output>
          </reporter-output>
        </test-method> <!-- initReports -->
        <test-method status="PASS" signature="initReports()[pri:0, instance:com.qa.Tests.LoginTests@343f4d3d]" name="initReports" is-config="true" duration-ms="0" started-at="2019-01-22T05:59:22Z" finished-at="2019-01-22T05:59:22Z">
          <reporter-output>
          </reporter-output>
        </test-method> <!-- initReports -->
        <test-method status="PASS" signature="setUp()[pri:0, instance:com.qa.Tests.HomeTests@53b32d7]" name="setUp" is-config="true" duration-ms="26656" started-at="2019-01-22T06:00:08Z" finished-at="2019-01-22T06:00:35Z">
          <reporter-output>
          </reporter-output>
        </test-method> <!-- setUp -->
        <test-method status="PASS" signature="verifyHomePageTitle()[pri:0, instance:com.qa.Tests.HomeTests@53b32d7]" name="verifyHomePageTitle" duration-ms="134" started-at="2019-01-22T06:00:35Z" finished-at="2019-01-22T06:00:35Z">
          <reporter-output>
          </reporter-output>
        </test-method> <!-- verifyHomePageTitle -->
        <test-method status="PASS" signature="tearDown(org.testng.ITestResult)[pri:0, instance:com.qa.Tests.HomeTests@53b32d7]" name="tearDown" is-config="true" duration-ms="100" started-at="2019-01-22T06:00:35Z" finished-at="2019-01-22T06:00:35Z">
          <params>
            <param index="0">
              <value>
                <![CDATA[[TestResult name=verifyHomePageTitle status=SUCCESS method=HomeTests.verifyHomePageTitle()[pri:0, instance:com.qa.Tests.HomeTests@53b32d7] output={null}]]]>
              </value>
            </param>
          </params>
          <reporter-output>
          </reporter-output>
        </test-method> <!-- tearDown -->
        <test-method status="PASS" signature="setUp()[pri:0, instance:com.qa.Tests.HomeTests@53b32d7]" name="setUp" is-config="true" duration-ms="26298" started-at="2019-01-22T06:00:35Z" finished-at="2019-01-22T06:01:01Z">
          <reporter-output>
          </reporter-output>
        </test-method> <!-- setUp -->
        <test-method status="FAIL" signature="verifyUsernameAfterLogin()[pri:0, instance:com.qa.Tests.HomeTests@53b32d7]" name="verifyUsernameAfterLogin" duration-ms="245" started-at="2019-01-22T06:01:01Z" finished-at="2019-01-22T06:01:02Z">
          <exception class="java.lang.AssertionError">
            <message>
              <![CDATA[AssertFailed because username after login does not match. expected [  User:Test QA] but found [  User: Test QA]]]>
            </message>
            <full-stacktrace>
              <![CDATA[java.lang.AssertionError: AssertFailed because username after login does not match. expected [  User:Test QA] but found [  User: Test QA]
at org.testng.Assert.fail(Assert.java:96)
at org.testng.Assert.failNotEquals(Assert.java:776)
at org.testng.Assert.assertEqualsImpl(Assert.java:137)
at org.testng.Assert.assertEquals(Assert.java:118)
at org.testng.Assert.assertEquals(Assert.java:453)
at com.qa.Tests.HomeTests.verifyUsernameAfterLogin(HomeTests.java:46)
at sun.reflect.NativeMethodAccessorImpl.invoke0(Native Method)
at sun.reflect.NativeMethodAccessorImpl.invoke(NativeMethodAccessorImpl.java:62)
at sun.reflect.DelegatingMethodAccessorImpl.invoke(DelegatingMethodAccessorImpl.java:43)
at java.lang.reflect.Method.invoke(Method.java:498)
at org.testng.internal.MethodInvocationHelper.invokeMethod(MethodInvocationHelper.java:124)
at org.testng.internal.Invoker.invokeMethod(Invoker.java:580)
at org.testng.internal.Invoker.invokeTestMethod(Invoker.java:716)
at org.testng.internal.Invoker.invokeTestMethods(Invoker.java:988)
at org.testng.internal.TestMethodWorker.invokeTestMethods(TestMethodWorker.java:125)
at org.testng.internal.TestMethodWorker.run(TestMethodWorker.java:109)
at org.testng.TestRunner.privateRun(TestRunner.java:648)
at org.testng.TestRunner.run(TestRunner.java:505)
at org.testng.SuiteRunner.runTest(SuiteRunner.java:455)
at org.testng.SuiteRunner.runSequentially(SuiteRunner.java:450)
at org.testng.SuiteRunner.privateRun(SuiteRunner.java:415)
at org.testng.SuiteRunner.run(SuiteRunner.java:364)
at org.testng.SuiteRunnerWorker.runSuite(SuiteRunnerWorker.java:52)
at org.testng.SuiteRunnerWorker.run(SuiteRunnerWorker.java:84)
at org.testng.TestNG.runSuitesSequentially(TestNG.java:1208)
at org.testng.TestNG.runSuitesLocally(TestNG.java:1137)
at org.testng.TestNG.runSuites(TestNG.java:1049)
at org.testng.TestNG.run(TestNG.java:1017)
at org.testng.remote.AbstractRemoteTestNG.run(AbstractRemoteTestNG.java:114)
at org.testng.remote.RemoteTestNG.initAndRun(RemoteTestNG.java:251)
at org.testng.remote.RemoteTestNG.main(RemoteTestNG.java:77)
]]>
            </full-stacktrace>
          </exception> <!-- java.lang.AssertionError -->
          <reporter-output>
          </reporter-output>
        </test-method> <!-- verifyUsernameAfterLogin -->
        <test-method status="PASS" signature="tearDown(org.testng.ITestResult)[pri:0, instance:com.qa.Tests.HomeTests@53b32d7]" name="tearDown" is-config="true" duration-ms="517" started-at="2019-01-22T06:01:02Z" finished-at="2019-01-22T06:01:02Z">
          <params>
            <param index="0">
              <value>
                <![CDATA[[TestResult name=verifyUsernameAfterLogin status=FAILURE method=HomeTests.verifyUsernameAfterLogin()[pri:0, instance:com.qa.Tests.HomeTests@53b32d7] output={null}]]]>
              </value>
            </param>
          </params>
          <reporter-output>
          </reporter-output>
        </test-method> <!-- tearDown -->
        <test-method status="PASS" signature="tearReports()[pri:0, instance:com.qa.Tests.HomeTests@53b32d7]" name="tearReports" is-config="true" duration-ms="448" started-at="2019-01-22T06:01:02Z" finished-at="2019-01-22T06:01:03Z">
          <reporter-output>
          </reporter-output>
        </test-method> <!-- tearReports -->
        <test-method status="PASS" signature="tearReports()[pri:0, instance:com.qa.Tests.LoginTests@343f4d3d]" name="tearReports" is-config="true" duration-ms="100" started-at="2019-01-22T06:01:03Z" finished-at="2019-01-22T06:01:03Z">
          <reporter-output>
          </reporter-output>
        </test-method> <!-- tearReports -->
      </class> <!-- com.qa.Tests.HomeTests -->
      <class name="com.qa.Tests.LoginTests">
        <test-method status="PASS" signature="setUp()[pri:0, instance:com.qa.Tests.LoginTests@343f4d3d]" name="setUp" is-config="true" duration-ms="17832" started-at="2019-01-22T05:59:22Z" finished-at="2019-01-22T05:59:40Z">
          <reporter-output>
          </reporter-output>
        </test-method> <!-- setUp -->
        <test-method status="PASS" signature="login()[pri:0, instance:com.qa.Tests.LoginTests@343f4d3d]" name="login" duration-ms="11266" started-at="2019-01-22T05:59:40Z" finished-at="2019-01-22T05:59:51Z">
          <reporter-output>
          </reporter-output>
        </test-method> <!-- login -->
        <test-method status="PASS" signature="tearDown(org.testng.ITestResult)[pri:0, instance:com.qa.Tests.LoginTests@343f4d3d]" name="tearDown" is-config="true" duration-ms="183" started-at="2019-01-22T05:59:51Z" finished-at="2019-01-22T05:59:51Z">
          <params>
            <param index="0">
              <value>
                <![CDATA[[TestResult name=login status=SUCCESS method=LoginTests.login()[pri:0, instance:com.qa.Tests.LoginTests@343f4d3d] output={null}]]]>
              </value>
            </param>
          </params>
          <reporter-output>
          </reporter-output>
        </test-method> <!-- tearDown -->
        <test-method status="PASS" signature="setUp()[pri:0, instance:com.qa.Tests.LoginTests@343f4d3d]" name="setUp" is-config="true" duration-ms="16632" started-at="2019-01-22T05:59:51Z" finished-at="2019-01-22T06:00:08Z">
          <reporter-output>
          </reporter-output>
        </test-method> <!-- setUp -->
        <test-method status="PASS" signature="verifyLoginPageTitile()[pri:0, instance:com.qa.Tests.LoginTests@343f4d3d]" name="verifyLoginPageTitile" duration-ms="25" started-at="2019-01-22T06:00:08Z" finished-at="2019-01-22T06:00:08Z">
          <reporter-output>
          </reporter-output>
        </test-method> <!-- verifyLoginPageTitile -->
        <test-method status="PASS" signature="tearDown(org.testng.ITestResult)[pri:0, instance:com.qa.Tests.LoginTests@343f4d3d]" name="tearDown" is-config="true" duration-ms="148" started-at="2019-01-22T06:00:08Z" finished-at="2019-01-22T06:00:08Z">
          <params>
            <param index="0">
              <value>
                <![CDATA[[TestResult name=verifyLoginPageTitile status=SUCCESS method=LoginTests.verifyLoginPageTitile()[pri:0, instance:com.qa.Tests.LoginTests@343f4d3d] output={null}]]]>
              </value>
            </param>
          </params>
          <reporter-output>
          </reporter-output>
        </test-method> <!-- tearDown -->
      </class> <!-- com.qa.Tests.LoginTests -->
    </test> <!-- Test -->
  </suite> <!-- Suite -->
</testng-results>
